<?xml version="1.0" encoding="UTF-8"?>
<!-- Generated by org.testng.reporters.JUnitReportReporter -->
<testsuite hostname="DESKTOP-7G0THSI" failures="0" tests="1" name="module1.test01" time="0.009" errors="0" timestamp="2023-03-31T17:28:46 IST" skipped="0">
  <testcase classname="module1.test01" name="add" time="0.009"/>
  <system-out/>
</testsuite> <!-- module1.test01 -->
