<?xml version="1.0" encoding="UTF-8"?>
<!-- Generated by org.testng.reporters.JUnitReportReporter -->
<testsuite hostname="DESKTOP-7G0THSI" failures="0" tests="1" name="module1.test02" time="0.001" errors="0" timestamp="2023-03-31T17:28:46 IST" skipped="0">
  <testcase classname="module1.test02" name="sub1" time="0.001"/>
  <system-out/>
</testsuite> <!-- module1.test02 -->
