<?xml version="1.0" encoding="UTF-8"?>
<!-- Generated by org.testng.reporters.JUnitReportReporter -->
<testsuite hostname="DESKTOP-7G0THSI" failures="0" tests="2" name="module1.test02" time="0.005" errors="0" timestamp="2023-04-06T13:27:09 IST" skipped="0">
  <testcase classname="module1.test02" name="sub1" time="0.002"/>
  <system-out/>
  <testcase classname="module1.test02" name="sub" time="0.003"/>
  <system-out/>
</testsuite> <!-- module1.test02 -->
